{"uuid":"0541b675-934a-4884-9e75-fffdeb10480c","historyId":"c3803ca12b852aa70799adec842ebf35","fullName":"src/test/resources/features/01UserModule.feature:103","labels":[{"name":"tag","value":"UserModule"},{"name":"tag","value":"Get_Request(get_all_Users)"},{"name":"host","value":"Debalinas-Air.lan"},{"name":"thread","value":"13724@Debalinas-Air.lan.main(1)"},{"name":"feature","value":"Testing CRUD operation in User"},{"name":"story","value":"Check Admin able to retrieve all Users details with valid or invalid datas"},{"name":"suite","value":"Testing CRUD operation in User"},{"name":"testClass","value":"Check Admin able to retrieve all Users details with valid or invalid datas"},{"name":"framework","value":"cucumber4jvm"},{"name":"language","value":"java"},{"name":"gherkin_uri","value":"file:///Users/debalinachakrabarti/eclipse-workspace/UserAPI_RestAssured_BootCamp_September2024/src/test/resources/features/01UserModule.feature"},{"name":"package","value":"src.test.resources.features.01UserModule_feature.Testing CRUD operation in User"}],"links":[],"name":"Check Admin able to retrieve all Users details with valid or invalid datas","status":"failed","statusDetails":{"known":false,"muted":false,"flaky":false,"message":"expected [OK] but found [404]","trace":"java.lang.AssertionError: expected [OK] but found [404]\n\tat org.testng.Assert.fail(Assert.java:111)\n\tat org.testng.Assert.failNotEquals(Assert.java:1578)\n\tat org.testng.Assert.assertEqualsImpl(Assert.java:150)\n\tat org.testng.Assert.assertEquals(Assert.java:132)\n\tat org.testng.Assert.assertEquals(Assert.java:644)\n\tat requests.UserCRUDRequests.getAllUsers(UserCRUDRequests.java:171)\n\tat stepDefinitions.userModuleSD.admin_recieves_response_status_code_with_message_with_and(userModuleSD.java:31)\n\tat ✽.Admin recieves response status code \"200\" with \"OK\" message with \"valid\" and \"auth\"(file:///Users/debalinachakrabarti/eclipse-workspace/UserAPI_RestAssured_BootCamp_September2024/src/test/resources/features/01UserModule.feature:98)\n"},"stage":"finished","steps":[{"name":"Given  Admin creates GET Request for User Module","status":"passed","statusDetails":{"known":false,"muted":false,"flaky":false},"stage":"finished","steps":[],"attachments":[],"parameters":[],"start":1727330172756,"stop":1727330172757},{"name":"When  Admin sends HTTP request with \"valid\" and \"auth\"","status":"passed","statusDetails":{"known":false,"muted":false,"flaky":false},"stage":"finished","steps":[],"attachments":[],"parameters":[],"start":1727330172757,"stop":1727330172757},{"name":"Then  Admin recieves response status code \"200\" with \"OK\" message with \"valid\" and \"auth\"","status":"failed","statusDetails":{"known":false,"muted":false,"flaky":false,"message":"expected [OK] but found [404]","trace":"java.lang.AssertionError: expected [OK] but found [404]\n\tat org.testng.Assert.fail(Assert.java:111)\n\tat org.testng.Assert.failNotEquals(Assert.java:1578)\n\tat org.testng.Assert.assertEqualsImpl(Assert.java:150)\n\tat org.testng.Assert.assertEquals(Assert.java:132)\n\tat org.testng.Assert.assertEquals(Assert.java:644)\n\tat requests.UserCRUDRequests.getAllUsers(UserCRUDRequests.java:171)\n\tat stepDefinitions.userModuleSD.admin_recieves_response_status_code_with_message_with_and(userModuleSD.java:31)\n\tat ✽.Admin recieves response status code \"200\" with \"OK\" message with \"valid\" and \"auth\"(file:///Users/debalinachakrabarti/eclipse-workspace/UserAPI_RestAssured_BootCamp_September2024/src/test/resources/features/01UserModule.feature:98)\n"},"stage":"finished","steps":[],"attachments":[],"parameters":[],"start":1727330172758,"stop":1727330173498}],"attachments":[],"parameters":[{"name":"endpoint","value":"valid"},{"name":"statuscode","value":"200"},{"name":"statustext","value":"OK"},{"name":"authorization","value":"auth"}],"start":1727330172756,"stop":1727330173498}