{"uuid":"8d6faca5-067c-4aff-8ea5-c640e9e2f4ec","historyId":"172f8ecc48462c0ec93b2e857ee7178d","fullName":"src/test/resources/features/01UserModule.feature:39","labels":[{"name":"tag","value":"UserModule"},{"name":"tag","value":"POST_Request_to_Create_User"},{"name":"host","value":"Debalinas-Air.lan"},{"name":"thread","value":"11037@Debalinas-Air.lan.main(1)"},{"name":"feature","value":"Testing CRUD operation in User"},{"name":"story","value":"Check if Admin is able to create new User with valid or invalid inputs"},{"name":"suite","value":"Testing CRUD operation in User"},{"name":"testClass","value":"Check if Admin is able to create new User with valid or invalid inputs"},{"name":"framework","value":"cucumber4jvm"},{"name":"language","value":"java"},{"name":"gherkin_uri","value":"file:///Users/debalinachakrabarti/eclipse-workspace/UserAPI_RestAssured_BootCamp_September2024/src/test/resources/features/01UserModule.feature"},{"name":"package","value":"src.test.resources.features.01UserModule_feature.Testing CRUD operation in User"}],"links":[],"name":"Check if Admin is able to create new User with valid or invalid inputs","status":"failed","statusDetails":{"known":false,"muted":false,"flaky":false,"message":"expected [400] but found [201]","trace":"java.lang.AssertionError: expected [400] but found [201]\n\tat org.testng.Assert.fail(Assert.java:111)\n\tat org.testng.Assert.failNotEquals(Assert.java:1578)\n\tat org.testng.Assert.assertEqualsImpl(Assert.java:150)\n\tat org.testng.Assert.assertEquals(Assert.java:132)\n\tat org.testng.Assert.assertEquals(Assert.java:1419)\n\tat org.testng.Assert.assertEquals(Assert.java:1383)\n\tat org.testng.Assert.assertEquals(Assert.java:1429)\n\tat requests.UserCRUDRequests.postRequest(UserCRUDRequests.java:61)\n\tat stepDefinitions.userModuleSD.admin_sends_http_request_with_and_request_body_for_and(userModuleSD.java:27)\n\tat ✽.Admin sends HTTP request with \"valid\" and request body for \"UserModule\" and \"25\"(file:///Users/debalinachakrabarti/eclipse-workspace/UserAPI_RestAssured_BootCamp_September2024/src/test/resources/features/01UserModule.feature:10)\n"},"stage":"finished","steps":[{"name":"Given  Admin sets POST request to create User with request body for \"UserModule\" and \"25\"","status":"passed","statusDetails":{"known":false,"muted":false,"flaky":false},"stage":"finished","steps":[],"attachments":[],"parameters":[],"start":1727319127237,"stop":1727319127238},{"name":"When  Admin sends HTTP request with \"valid\" and request body for \"UserModule\" and \"25\"","status":"failed","statusDetails":{"known":false,"muted":false,"flaky":false,"message":"expected [400] but found [201]","trace":"java.lang.AssertionError: expected [400] but found [201]\n\tat org.testng.Assert.fail(Assert.java:111)\n\tat org.testng.Assert.failNotEquals(Assert.java:1578)\n\tat org.testng.Assert.assertEqualsImpl(Assert.java:150)\n\tat org.testng.Assert.assertEquals(Assert.java:132)\n\tat org.testng.Assert.assertEquals(Assert.java:1419)\n\tat org.testng.Assert.assertEquals(Assert.java:1383)\n\tat org.testng.Assert.assertEquals(Assert.java:1429)\n\tat requests.UserCRUDRequests.postRequest(UserCRUDRequests.java:61)\n\tat stepDefinitions.userModuleSD.admin_sends_http_request_with_and_request_body_for_and(userModuleSD.java:27)\n\tat ✽.Admin sends HTTP request with \"valid\" and request body for \"UserModule\" and \"25\"(file:///Users/debalinachakrabarti/eclipse-workspace/UserAPI_RestAssured_BootCamp_September2024/src/test/resources/features/01UserModule.feature:10)\n"},"stage":"finished","steps":[],"attachments":[],"parameters":[],"start":1727319127238,"stop":1727319128054},{"name":"Then  Admin recieves response code","status":"skipped","statusDetails":{"known":false,"muted":false,"flaky":false},"stage":"finished","steps":[],"attachments":[],"parameters":[],"start":1727319128054,"stop":1727319128054}],"attachments":[],"parameters":[{"name":"sheet","value":"UserModule"},{"name":"row","value":"25"},{"name":"endpoint","value":"valid"}],"start":1727319127237,"stop":1727319128054}