{"uuid":"984cb3be-e489-4733-bd43-a10b16fa2228","historyId":"a7dfc2435a6c56891770883c655353e","fullName":"src/test/resources/features/01UserModule.feature:30","labels":[{"name":"tag","value":"UserModule"},{"name":"tag","value":"POST_Request_to_Create_User"},{"name":"host","value":"Debalinas-MacBook-Air.local"},{"name":"thread","value":"9724@Debalinas-MacBook-Air.local.main(1)"},{"name":"feature","value":"Testing CRUD operation in User"},{"name":"story","value":"Check if Admin is able to create new User with valid or invalid inputs"},{"name":"suite","value":"Testing CRUD operation in User"},{"name":"testClass","value":"Check if Admin is able to create new User with valid or invalid inputs"},{"name":"framework","value":"cucumber4jvm"},{"name":"language","value":"java"},{"name":"gherkin_uri","value":"file:///Users/debalinachakrabarti/eclipse-workspace/UserAPI_RestAssured_BootCamp_September2024/src/test/resources/features/01UserModule.feature"},{"name":"package","value":"src.test.resources.features.01UserModule_feature.Testing CRUD operation in User"}],"links":[],"name":"Check if Admin is able to create new User with valid or invalid inputs","status":"failed","statusDetails":{"known":false,"muted":false,"flaky":false,"message":"expected [null] but found [Rita]","trace":"java.lang.AssertionError: expected [null] but found [Rita]\n\tat org.testng.Assert.fail(Assert.java:111)\n\tat org.testng.Assert.failNotEquals(Assert.java:1578)\n\tat org.testng.Assert.assertEqualsImpl(Assert.java:150)\n\tat org.testng.Assert.assertEquals(Assert.java:132)\n\tat org.testng.Assert.assertEquals(Assert.java:656)\n\tat org.testng.Assert.assertEquals(Assert.java:666)\n\tat requests.UserCRUDRequests.postRequest(UserCRUDRequests.java:56)\n\tat stepDefinitions.userModuleSD.admin_sends_http_request_with_and_request_body_for_and(userModuleSD.java:27)\n\tat ✽.Admin sends HTTP request with \"valid\" and request body for \"UserModule\" and \"16\"(file:///Users/debalinachakrabarti/eclipse-workspace/UserAPI_RestAssured_BootCamp_September2024/src/test/resources/features/01UserModule.feature:10)\n"},"stage":"finished","steps":[{"name":"Given  Admin sets POST request to create User with request body for \"UserModule\" and \"16\"","status":"passed","statusDetails":{"known":false,"muted":false,"flaky":false},"stage":"finished","steps":[],"attachments":[],"parameters":[],"start":1727306313961,"stop":1727306313962},{"name":"When  Admin sends HTTP request with \"valid\" and request body for \"UserModule\" and \"16\"","status":"failed","statusDetails":{"known":false,"muted":false,"flaky":false,"message":"expected [null] but found [Rita]","trace":"java.lang.AssertionError: expected [null] but found [Rita]\n\tat org.testng.Assert.fail(Assert.java:111)\n\tat org.testng.Assert.failNotEquals(Assert.java:1578)\n\tat org.testng.Assert.assertEqualsImpl(Assert.java:150)\n\tat org.testng.Assert.assertEquals(Assert.java:132)\n\tat org.testng.Assert.assertEquals(Assert.java:656)\n\tat org.testng.Assert.assertEquals(Assert.java:666)\n\tat requests.UserCRUDRequests.postRequest(UserCRUDRequests.java:56)\n\tat stepDefinitions.userModuleSD.admin_sends_http_request_with_and_request_body_for_and(userModuleSD.java:27)\n\tat ✽.Admin sends HTTP request with \"valid\" and request body for \"UserModule\" and \"16\"(file:///Users/debalinachakrabarti/eclipse-workspace/UserAPI_RestAssured_BootCamp_September2024/src/test/resources/features/01UserModule.feature:10)\n"},"stage":"finished","steps":[],"attachments":[],"parameters":[],"start":1727306313962,"stop":1727306314950},{"name":"Then  Admin recieves response code","status":"skipped","statusDetails":{"known":false,"muted":false,"flaky":false},"stage":"finished","steps":[],"attachments":[],"parameters":[],"start":1727306314952,"stop":1727306314952}],"attachments":[],"parameters":[{"name":"sheet","value":"UserModule"},{"name":"row","value":"16"},{"name":"endpoint","value":"valid"}],"start":1727306313961,"stop":1727306314953}